android/app/build/intermediates/manifest_merge_blame_file/release/processReleaseMainManifest/manifest-merger-blame-release-report.txt
1<?xml version="1.0" encoding="utf-8"?>
2<manifest xmlns:android="http://schemas.android.com/apk/res/android"
3    package="it.glos.sierradeck"
4    android:versionCode="1"
5    android:versionName="0.6.0" >
6
7    <uses-sdk
8        android:minSdkVersion="26"
9        android:targetSdkVersion="35" />
10
11    <!-- Parla solo con il tuo computer, sulla rete di casa. -->
12    <uses-permission android:name="android.permission.INTERNET" />
12-->src\main\AndroidManifest.xml:5:5-67
12-->src\main\AndroidManifest.xml:5:22-64
13    <uses-permission android:name="android.permission.ACCESS_NETWORK_STATE" />
13-->src\main\AndroidManifest.xml:6:5-79
13-->src\main\AndroidManifest.xml:6:22-76
14    <!--
15         Il diritto di restare in ascolto con l'app chiusa: è ciò per cui
16         questa app esiste invece della sola pagina web.
17    -->
18    <uses-permission android:name="android.permission.FOREGROUND_SERVICE" />
18-->src\main\AndroidManifest.xml:9:5-77
18-->src\main\AndroidManifest.xml:9:22-74
19    <uses-permission android:name="android.permission.FOREGROUND_SERVICE_DATA_SYNC" />
19-->src\main\AndroidManifest.xml:10:5-87
19-->src\main\AndroidManifest.xml:10:22-84
20    <uses-permission android:name="android.permission.POST_NOTIFICATIONS" />
20-->src\main\AndroidManifest.xml:11:5-77
20-->src\main\AndroidManifest.xml:11:22-74
21
22    <permission
22-->[androidx.core:core:1.15.0] AndroidManifest.xml:22:5-24:47
23        android:name="it.glos.sierradeck.DYNAMIC_RECEIVER_NOT_EXPORTED_PERMISSION"
23-->[androidx.core:core:1.15.0] AndroidManifest.xml:23:9-81
24        android:protectionLevel="signature" />
24-->[androidx.core:core:1.15.0] AndroidManifest.xml:24:9-44
25
26    <uses-permission android:name="it.glos.sierradeck.DYNAMIC_RECEIVER_NOT_EXPORTED_PERMISSION" />
26-->[androidx.core:core:1.15.0] AndroidManifest.xml:26:5-97
26-->[androidx.core:core:1.15.0] AndroidManifest.xml:26:22-94
27
28    <application
28-->src\main\AndroidManifest.xml:13:5-35:19
29        android:allowBackup="false"
29-->src\main\AndroidManifest.xml:18:9-36
30        android:appComponentFactory="androidx.core.app.CoreComponentFactory"
30-->[androidx.core:core:1.15.0] AndroidManifest.xml:28:18-86
31        android:extractNativeLibs="false"
32        android:icon="@mipmap/ic_launcher"
32-->src\main\AndroidManifest.xml:15:9-43
33        android:label="SierraDeck"
33-->src\main\AndroidManifest.xml:14:9-35
34        android:networkSecurityConfig="@xml/rete"
34-->src\main\AndroidManifest.xml:19:9-50
35        android:supportsRtl="true"
35-->src\main\AndroidManifest.xml:17:9-35
36        android:theme="@style/Theme.SierraDeck" >
36-->src\main\AndroidManifest.xml:16:9-48
37        <activity
37-->src\main\AndroidManifest.xml:21:9-29:20
38            android:name="it.glos.sierradeck.ClientActivity"
38-->src\main\AndroidManifest.xml:22:13-43
39            android:configChanges="orientation|screenSize|keyboardHidden"
39-->src\main\AndroidManifest.xml:24:13-74
40            android:exported="true" >
40-->src\main\AndroidManifest.xml:23:13-36
41            <intent-filter>
41-->src\main\AndroidManifest.xml:25:13-28:29
42                <action android:name="android.intent.action.MAIN" />
42-->src\main\AndroidManifest.xml:26:17-69
42-->src\main\AndroidManifest.xml:26:25-66
43
44                <category android:name="android.intent.category.LAUNCHER" />
44-->src\main\AndroidManifest.xml:27:17-77
44-->src\main\AndroidManifest.xml:27:27-74
45            </intent-filter>
46        </activity>
47
48        <service
48-->src\main\AndroidManifest.xml:31:9-34:40
49            android:name="it.glos.sierradeck.GuardiaService"
49-->src\main\AndroidManifest.xml:32:13-43
50            android:exported="false"
50-->src\main\AndroidManifest.xml:34:13-37
51            android:foregroundServiceType="dataSync" />
51-->src\main\AndroidManifest.xml:33:13-53
52
53        <provider
53-->[androidx.emoji2:emoji2:1.3.0] AndroidManifest.xml:24:9-32:20
54            android:name="androidx.startup.InitializationProvider"
54-->[androidx.emoji2:emoji2:1.3.0] AndroidManifest.xml:25:13-67
55            android:authorities="it.glos.sierradeck.androidx-startup"
55-->[androidx.emoji2:emoji2:1.3.0] AndroidManifest.xml:26:13-68
56            android:exported="false" >
56-->[androidx.emoji2:emoji2:1.3.0] AndroidManifest.xml:27:13-37
57            <meta-data
57-->[androidx.emoji2:emoji2:1.3.0] AndroidManifest.xml:29:13-31:52
58                android:name="androidx.emoji2.text.EmojiCompatInitializer"
58-->[androidx.emoji2:emoji2:1.3.0] AndroidManifest.xml:30:17-75
59                android:value="androidx.startup" />
59-->[androidx.emoji2:emoji2:1.3.0] AndroidManifest.xml:31:17-49
60            <meta-data
60-->[androidx.lifecycle:lifecycle-process:2.6.2] AndroidManifest.xml:29:13-31:52
61                android:name="androidx.lifecycle.ProcessLifecycleInitializer"
61-->[androidx.lifecycle:lifecycle-process:2.6.2] AndroidManifest.xml:30:17-78
62                android:value="androidx.startup" />
62-->[androidx.lifecycle:lifecycle-process:2.6.2] AndroidManifest.xml:31:17-49
63            <meta-data
63-->[androidx.profileinstaller:profileinstaller:1.3.1] AndroidManifest.xml:29:13-31:52
64                android:name="androidx.profileinstaller.ProfileInstallerInitializer"
64-->[androidx.profileinstaller:profileinstaller:1.3.1] AndroidManifest.xml:30:17-85
65                android:value="androidx.startup" />
65-->[androidx.profileinstaller:profileinstaller:1.3.1] AndroidManifest.xml:31:17-49
66        </provider>
67
68        <receiver
68-->[androidx.profileinstaller:profileinstaller:1.3.1] AndroidManifest.xml:34:9-52:20
69            android:name="androidx.profileinstaller.ProfileInstallReceiver"
69-->[androidx.profileinstaller:profileinstaller:1.3.1] AndroidManifest.xml:35:13-76
70            android:directBootAware="false"
70-->[androidx.profileinstaller:profileinstaller:1.3.1] AndroidManifest.xml:36:13-44
71            android:enabled="true"
71-->[androidx.profileinstaller:profileinstaller:1.3.1] AndroidManifest.xml:37:13-35
72            android:exported="true"
72-->[androidx.profileinstaller:profileinstaller:1.3.1] AndroidManifest.xml:38:13-36
73            android:permission="android.permission.DUMP" >
73-->[androidx.profileinstaller:profileinstaller:1.3.1] AndroidManifest.xml:39:13-57
74            <intent-filter>
74-->[androidx.profileinstaller:profileinstaller:1.3.1] AndroidManifest.xml:40:13-42:29
75                <action android:name="androidx.profileinstaller.action.INSTALL_PROFILE" />
75-->[androidx.profileinstaller:profileinstaller:1.3.1] AndroidManifest.xml:41:17-91
75-->[androidx.profileinstaller:profileinstaller:1.3.1] AndroidManifest.xml:41:25-88
76            </intent-filter>
77            <intent-filter>
77-->[androidx.profileinstaller:profileinstaller:1.3.1] AndroidManifest.xml:43:13-45:29
78                <action android:name="androidx.profileinstaller.action.SKIP_FILE" />
78-->[androidx.profileinstaller:profileinstaller:1.3.1] AndroidManifest.xml:44:17-85
78-->[androidx.profileinstaller:profileinstaller:1.3.1] AndroidManifest.xml:44:25-82
79            </intent-filter>
80            <intent-filter>
80-->[androidx.profileinstaller:profileinstaller:1.3.1] AndroidManifest.xml:46:13-48:29
81                <action android:name="androidx.profileinstaller.action.SAVE_PROFILE" />
81-->[androidx.profileinstaller:profileinstaller:1.3.1] AndroidManifest.xml:47:17-88
81-->[androidx.profileinstaller:profileinstaller:1.3.1] AndroidManifest.xml:47:25-85
82            </intent-filter>
83            <intent-filter>
83-->[androidx.profileinstaller:profileinstaller:1.3.1] AndroidManifest.xml:49:13-51:29
84                <action android:name="androidx.profileinstaller.action.BENCHMARK_OPERATION" />
84-->[androidx.profileinstaller:profileinstaller:1.3.1] AndroidManifest.xml:50:17-95
84-->[androidx.profileinstaller:profileinstaller:1.3.1] AndroidManifest.xml:50:25-92
85            </intent-filter>
86        </receiver>
87    </application>
88
89</manifest>